<?xml version="1.0" encoding="UTF-8"?>
<coverage generated="1672998270808" clover="3.2.0">
  <project timestamp="1672998270808" name="All files">
    <metrics statements="19" coveredstatements="19" conditionals="4" coveredconditionals="2" methods="2" coveredmethods="2" elements="25" coveredelements="23" complexity="0" loc="19" ncloc="19" packages="1" files="4" classes="4"/>
    <file name="expect.js" path="C:\Users\alber\Documents\CodeProjects\learning\jest\data\expect.js">
      <metrics statements="2" coveredstatements="2" conditionals="0" coveredconditionals="0" methods="1" coveredmethods="1"/>
      <line num="1" count="1" type="stmt"/>
      <line num="3" count="1" type="stmt"/>
    </file>
    <file name="numberLogic.js" path="C:\Users\alber\Documents\CodeProjects\learning\jest\data\numberLogic.js">
      <metrics statements="5" coveredstatements="5" conditionals="0" coveredconditionals="0" methods="0" coveredmethods="0"/>
      <line num="1" count="1" type="stmt"/>
      <line num="2" count="1" type="stmt"/>
      <line num="3" count="1" type="stmt"/>
      <line num="4" count="1" type="stmt"/>
      <line num="6" count="1" type="stmt"/>
    </file>
    <file name="object.js" path="C:\Users\alber\Documents\CodeProjects\learning\jest\data\object.js">
      <metrics statements="7" coveredstatements="7" conditionals="0" coveredconditionals="0" methods="1" coveredmethods="1"/>
      <line num="1" count="2" type="stmt"/>
      <line num="10" count="2" type="stmt"/>
      <line num="19" count="2" type="stmt"/>
      <line num="24" count="2" type="stmt"/>
      <line num="29" count="2" type="stmt"/>
      <line num="30" count="1" type="stmt"/>
      <line num="33" count="2" type="stmt"/>
    </file>
    <file name="sentence.js" path="C:\Users\alber\Documents\CodeProjects\learning\jest\data\sentence.js">
      <metrics statements="5" coveredstatements="5" conditionals="4" coveredconditionals="2" methods="0" coveredmethods="0"/>
      <line num="1" count="1" type="stmt"/>
      <line num="3" count="1" type="cond" truecount="1" falsecount="1"/>
      <line num="4" count="1" type="cond" truecount="1" falsecount="1"/>
      <line num="5" count="1" type="stmt"/>
      <line num="7" count="1" type="stmt"/>
    </file>
  </project>
</coverage>
