{"C:\\Users\\alber\\Documents\\CodeProjects\\learning\\jest\\data\\expect.js": {"path":"C:\\Users\\alber\\Documents\\CodeProjects\\learning\\jest\\data\\expect.js","statementMap":{"0":{"start":{"line":1,"column":12},"end":{"line":1,"column":27}},"1":{"start":{"line":1,"column":22},"end":{"line":1,"column":27}},"2":{"start":{"line":3,"column":0},"end":{"line":3,"column":21}}},"fnMap":{"0":{"name":"(anonymous_0)","decl":{"start":{"line":1,"column":12},"end":{"line":1,"column":13}},"loc":{"start":{"line":1,"column":22},"end":{"line":1,"column":27}},"line":1}},"branchMap":{},"s":{"0":1,"1":1,"2":1},"f":{"0":1},"b":{},"_coverageSchema":"1a1c01bbd47fc00a2c39e90264f33305004495a9","hash":"525be1f57a870b37535eae73b89676329bccc36a"}
,"C:\\Users\\alber\\Documents\\CodeProjects\\learning\\jest\\data\\numberLogic.js": {"path":"C:\\Users\\alber\\Documents\\CodeProjects\\learning\\jest\\data\\numberLogic.js","statementMap":{"0":{"start":{"line":1,"column":10},"end":{"line":1,"column":11}},"1":{"start":{"line":2,"column":10},"end":{"line":2,"column":11}},"2":{"start":{"line":3,"column":10},"end":{"line":3,"column":11}},"3":{"start":{"line":4,"column":10},"end":{"line":4,"column":11}},"4":{"start":{"line":6,"column":0},"end":{"line":6,"column":30}}},"fnMap":{},"branchMap":{},"s":{"0":1,"1":1,"2":1,"3":1,"4":1},"f":{},"b":{},"_coverageSchema":"1a1c01bbd47fc00a2c39e90264f33305004495a9","hash":"80f9ca07e15cbdf42e9938912e158d5912b6440d"}
,"C:\\Users\\alber\\Documents\\CodeProjects\\learning\\jest\\data\\object.js": {"path":"C:\\Users\\alber\\Documents\\CodeProjects\\learning\\jest\\data\\object.js","statementMap":{"0":{"start":{"line":1,"column":13},"end":{"line":8,"column":1}},"1":{"start":{"line":10,"column":12},"end":{"line":17,"column":1}},"2":{"start":{"line":19,"column":17},"end":{"line":22,"column":1}},"3":{"start":{"line":24,"column":15},"end":{"line":27,"column":1}},"4":{"start":{"line":29,"column":17},"end":{"line":31,"column":1}},"5":{"start":{"line":30,"column":2},"end":{"line":30,"column":46}},"6":{"start":{"line":33,"column":0},"end":{"line":33,"column":51}}},"fnMap":{"0":{"name":"(anonymous_0)","decl":{"start":{"line":29,"column":17},"end":{"line":29,"column":18}},"loc":{"start":{"line":29,"column":42},"end":{"line":31,"column":1}},"line":29}},"branchMap":{},"s":{"0":2,"1":2,"2":2,"3":2,"4":2,"5":1,"6":2},"f":{"0":1},"b":{},"_coverageSchema":"1a1c01bbd47fc00a2c39e90264f33305004495a9","hash":"20fc0fa6ff23707c8e14ab17b332e35b15a6eee0"}
,"C:\\Users\\alber\\Documents\\CodeProjects\\learning\\jest\\data\\sentence.js": {"path":"C:\\Users\\alber\\Documents\\CodeProjects\\learning\\jest\\data\\sentence.js","statementMap":{"0":{"start":{"line":1,"column":17},"end":{"line":1,"column":49}},"1":{"start":{"line":3,"column":14},"end":{"line":3,"column":50}},"2":{"start":{"line":4,"column":14},"end":{"line":4,"column":50}},"3":{"start":{"line":5,"column":12},"end":{"line":5,"column":16}},"4":{"start":{"line":7,"column":0},"end":{"line":7,"column":51}}},"fnMap":{},"branchMap":{"0":{"loc":{"start":{"line":3,"column":14},"end":{"line":3,"column":50}},"type":"cond-expr","locations":[{"start":{"line":3,"column":45},"end":{"line":3,"column":46}},{"start":{"line":3,"column":49},"end":{"line":3,"column":50}}],"line":3},"1":{"loc":{"start":{"line":4,"column":14},"end":{"line":4,"column":50}},"type":"cond-expr","locations":[{"start":{"line":4,"column":45},"end":{"line":4,"column":46}},{"start":{"line":4,"column":49},"end":{"line":4,"column":50}}],"line":4}},"s":{"0":1,"1":1,"2":1,"3":1,"4":1},"f":{},"b":{"0":[1,0],"1":[0,1]},"_coverageSchema":"1a1c01bbd47fc00a2c39e90264f33305004495a9","hash":"ce4ffc808be54419a983366badb625497535f8c6"}
}
