TN:
SF:data\expect.js
FN:1,(anonymous_0)
FNF:1
FNH:1
FNDA:1,(anonymous_0)
DA:1,1
DA:3,1
LF:2
LH:2
BRF:0
BRH:0
end_of_record
TN:
SF:data\numberLogic.js
FNF:0
FNH:0
DA:1,1
DA:2,1
DA:3,1
DA:4,1
DA:6,1
LF:5
LH:5
BRF:0
BRH:0
end_of_record
TN:
SF:data\object.js
FN:29,(anonymous_0)
FNF:1
FNH:1
FNDA:1,(anonymous_0)
DA:1,2
DA:10,2
DA:19,2
DA:24,2
DA:29,2
DA:30,1
DA:33,2
LF:7
LH:7
BRF:0
BRH:0
end_of_record
TN:
SF:data\sentence.js
FNF:0
FNH:0
DA:1,1
DA:3,1
DA:4,1
DA:5,1
DA:7,1
LF:5
LH:5
BRDA:3,0,0,1
BRDA:3,0,1,0
BRDA:4,1,0,0
BRDA:4,1,1,1
BRF:4
BRH:2
end_of_record
